<?xml version="1.0" encoding="UTF-8"?>
<!-- Generated by org.testng.reporters.JUnitXMLReporter -->
<testsuite hostname="DESKTOP-I7KTSAJ" name="Place finder - UI test cases" tests="3" failures="0" timestamp="9 Sep 2019 10:28:11 GMT" time="1.479" errors="0">
  <testcase name="isPlaceFinderScreenDisplayed" time="0.734" classname="com.placefinder.placefinderTest.PlaceFinderPageTest"/>
  <testcase name="isSearchFieldDisplayed" time="0.203" classname="com.placefinder.placefinderTest.PlaceFinderPageTest"/>
  <testcase name="isSearchButtonDisplayed" time="0.414" classname="com.placefinder.placefinderTest.PlaceFinderPageTest"/>
</testsuite> <!-- Place finder - UI test cases -->
